<?xml version="1.0" encoding="UTF-8"?>
<!-- Generated by org.testng.reporters.JUnitXMLReporter -->
<testsuite ignored="38" hostname="DESKTOP-OET6KL6" failures="0" tests="19" name="Smoke Tests" time="0.079" errors="0" timestamp="2024-06-03T19:30:52 IST">
  <testcase classname="Base.TestSetup" name="@BeforeSuite StartApp" time="3.321">
    <failure type="org.openqa.selenium.SessionNotCreatedException" message="Could not start a new session. Possible causes are invalid address of the remote server or browser start-up failure. 
Host info: host: &amp;apos;DESKTOP-OET6KL6&amp;apos;, ip: &amp;apos;192.168.0.148&amp;apos;">
      <![CDATA[org.openqa.selenium.SessionNotCreatedException: Could not start a new session. Possible causes are invalid address of the remote server or browser start-up failure. 
Host info: host: 'DESKTOP-OET6KL6', ip: '192.168.0.148'
at org.openqa.selenium.remote.RemoteWebDriver.execute(RemoteWebDriver.java:561)
at io.appium.java_client.AppiumDriver.startSession(AppiumDriver.java:229)
at org.openqa.selenium.remote.RemoteWebDriver.<init>(RemoteWebDriver.java:157)
at io.appium.java_client.AppiumDriver.<init>(AppiumDriver.java:80)
at io.appium.java_client.AppiumDriver.<init>(AppiumDriver.java:92)
at io.appium.java_client.android.AndroidDriver.<init>(AndroidDriver.java:117)
at Base.TestSetup.StartApp(TestSetup.java:86)
at Tests.Main.main(Main.java:34)
Build info: version: '4.8.1', revision: '8ebccac989'
System info: os.name: 'Windows 11', os.arch: 'amd64', os.version: '10.0', java.version: '21.0.2'
Driver info: driver.version: AndroidDriver
at io.appium.java_client.remote.AppiumProtocolHandshake.createSession(AppiumProtocolHandshake.java:137)
at io.appium.java_client.remote.AppiumProtocolHandshake.createSession(AppiumProtocolHandshake.java:102)
at io.appium.java_client.remote.AppiumCommandExecutor.createSession(AppiumCommandExecutor.java:194)
at io.appium.java_client.remote.AppiumCommandExecutor.execute(AppiumCommandExecutor.java:262)
at org.openqa.selenium.remote.RemoteWebDriver.execute(RemoteWebDriver.java:543)
... 21 more
at io.appium.java_client.remote.AppiumProtocolHandshake.createSession(AppiumProtocolHandshake.java:133)
... 25 more
Caused by: java.io.UncheckedIOException: java.net.SocketException: Connection reset
at org.openqa.selenium.remote.http.netty.NettyHttpHandler.makeCall(NettyHttpHandler.java:73)
at org.openqa.selenium.remote.http.AddSeleniumUserAgent.lambda$apply$0(AddSeleniumUserAgent.java:42)
at io.appium.java_client.remote.AppiumCommandExecutor.lambda$null$0(AppiumCommandExecutor.java:199)
at org.openqa.selenium.remote.http.Filter.lambda$andFinally$1(Filter.java:56)
at org.openqa.selenium.remote.http.netty.NettyHttpHandler.execute(NettyHttpHandler.java:49)
at org.openqa.selenium.remote.http.AddSeleniumUserAgent.lambda$apply$0(AddSeleniumUserAgent.java:42)
at io.appium.java_client.remote.AppiumCommandExecutor.lambda$null$0(AppiumCommandExecutor.java:199)
at org.openqa.selenium.remote.http.Filter.lambda$andFinally$1(Filter.java:56)
at org.openqa.selenium.remote.http.netty.NettyClient.execute(NettyClient.java:99)
at org.openqa.selenium.remote.ProtocolHandshake.createSession(ProtocolHandshake.java:124)
... 27 more
Caused by: java.net.SocketException: Connection reset
at java.base/sun.nio.ch.SocketChannelImpl.throwConnectionReset(SocketChannelImpl.java:401)
at java.base/sun.nio.ch.SocketChannelImpl.read(SocketChannelImpl.java:434)
at io.netty.buffer.PooledByteBuf.setBytes(PooledByteBuf.java:259)
at io.netty.buffer.AbstractByteBuf.writeBytes(AbstractByteBuf.java:1132)
at io.netty.channel.socket.nio.NioSocketChannel.doReadBytes(NioSocketChannel.java:357)
at io.netty.channel.nio.AbstractNioByteChannel$NioByteUnsafe.read(AbstractNioByteChannel.java:151)
at io.netty.channel.nio.NioEventLoop.processSelectedKey(NioEventLoop.java:788)
at io.netty.channel.nio.NioEventLoop.processSelectedKeysOptimized(NioEventLoop.java:724)
at io.netty.channel.nio.NioEventLoop.processSelectedKeys(NioEventLoop.java:650)
at io.netty.channel.nio.NioEventLoop.run(NioEventLoop.java:562)
at io.netty.util.concurrent.SingleThreadEventExecutor$4.run(SingleThreadEventExecutor.java:997)
at io.netty.util.internal.ThreadExecutorMap$2.run(ThreadExecutorMap.java:74)
at io.netty.util.concurrent.FastThreadLocalRunnable.run(FastThreadLocalRunnable.java:30)
at java.base/java.lang.Thread.run(Thread.java:1583)
... Removed 19 stack frames]]>
    </failure>
  </testcase> <!-- @BeforeSuite StartApp -->
  <testcase classname="Tests.LoginTest" name="TC_001_Verify_Login_With_Valid_Credentials" time="0.0">
    <skipped/>
  </testcase> <!-- TC_001_Verify_Login_With_Valid_Credentials -->
  <testcase classname="Tests.DownloadcallsTest" name="TC_001_VerifyDownloadCallsModuleIsDisplayed" time="0.0">
    <skipped/>
  </testcase> <!-- TC_001_VerifyDownloadCallsModuleIsDisplayed -->
  <testcase classname="Tests.DownloadcallsTest" name="TC_002_VerifyCallsAreDownloaded" time="0.0">
    <skipped/>
  </testcase> <!-- TC_002_VerifyCallsAreDownloaded -->
  <testcase classname="Tests.CallPlanTest" name="TC_001_Verify_Call_Plan_Module_Displayed" time="0.0">
    <skipped/>
  </testcase> <!-- TC_001_Verify_Call_Plan_Module_Displayed -->
  <testcase classname="Tests.CallPlanTest" name="TC_002_Verify_Sync_Button_Functionality" time="0.0">
    <skipped/>
  </testcase> <!-- TC_002_Verify_Sync_Button_Functionality -->
  <testcase classname="Tests.CallPlanTest" name="TC_003_Verify_5_Minute_Sync_Process" time="0.0">
    <skipped/>
  </testcase> <!-- TC_003_Verify_5_Minute_Sync_Process -->
  <testcase classname="Tests.CallPlanTest" name="TC_009_Verify_Call_Upload" time="0.0">
    <skipped/>
  </testcase> <!-- TC_009_Verify_Call_Upload -->
  <testcase classname="Tests.AttendanceTest" name="TC_001_VerifyAttendanceModuleDisplayed" time="0.0">
    <skipped/>
  </testcase> <!-- TC_001_VerifyAttendanceModuleDisplayed -->
  <testcase classname="Tests.AttendanceTest" name="TC_003_VerifyAttendanceSubmission" time="0.0">
    <skipped/>
  </testcase> <!-- TC_003_VerifyAttendanceSubmission -->
  <testcase classname="Tests.AttendanceTest" name="TC_004_VerifyAttendanceRecordedInDatabase" time="0.0">
    <skipped/>
  </testcase> <!-- TC_004_VerifyAttendanceRecordedInDatabase -->
  <testcase classname="Tests.VisitorLoginTest" name="TC_001_VerifyVisitorLoginModuleDisplayed" time="0.0">
    <skipped/>
  </testcase> <!-- TC_001_VerifyVisitorLoginModuleDisplayed -->
  <testcase classname="Tests.VisitorLoginTest" name="TC_015_Verify_Visitor_Upload" time="0.0">
    <skipped/>
  </testcase> <!-- TC_015_Verify_Visitor_Upload -->
  <testcase classname="Tests.ResourceCentreTest" name="TC_001_Verify_ResourceCenter_Module_Displayed" time="0.0">
    <skipped/>
  </testcase> <!-- TC_001_Verify_ResourceCenter_Module_Displayed -->
  <testcase classname="Tests.ResourceCentreTest" name="TC002_VerifyPPTXFileDownloaded" time="0.0">
    <skipped/>
  </testcase> <!-- TC002_VerifyPPTXFileDownloaded -->
  <testcase classname="Tests.ResourceCentreTest" name="TC003_VerifyMP4FileDownloaded" time="0.0">
    <skipped/>
  </testcase> <!-- TC003_VerifyMP4FileDownloaded -->
  <testcase classname="Tests.ResourceCentreTest" name="TC004_VerifyPDFFileDownloaded" time="0.0">
    <skipped/>
  </testcase> <!-- TC004_VerifyPDFFileDownloaded -->
  <testcase classname="Tests.ResourceCentreTest" name="TC005_VerifyDOCXFileDownloaded" time="0.0">
    <skipped/>
  </testcase> <!-- TC005_VerifyDOCXFileDownloaded -->
  <testcase classname="Tests.ResourceCentreTest" name="TC006_VerifyJPGFileDownloaded" time="0.0">
    <skipped/>
  </testcase> <!-- TC006_VerifyJPGFileDownloaded -->
  <testcase classname="Tests.ResourceCentreTest" name="TC007_VerifyXLSXFileDownloaded" time="0.0">
    <skipped/>
  </testcase> <!-- TC007_VerifyXLSXFileDownloaded -->
  <testcase classname="Tests.DownloadcallsTest" name="TC_004_VerifyInvalidTargetDownload" time="0.0">
    <ignored/>
  </testcase> <!-- TC_004_VerifyInvalidTargetDownload -->
  <testcase classname="Tests.VisitorLoginTest" name="TC_006_VerifyVisitorNameTextboxCharacterLimit" time="0.0">
    <ignored/>
  </testcase> <!-- TC_006_VerifyVisitorNameTextboxCharacterLimit -->
  <testcase classname="Tests.DownloadcallsTest" name="TC_003_VerifyDuplicateCallDownload" time="0.0">
    <ignored/>
  </testcase> <!-- TC_003_VerifyDuplicateCallDownload -->
  <testcase classname="Tests.LoginTest" name="TC_008_Verify_Login_Without_Entering_Project" time="0.0">
    <ignored/>
  </testcase> <!-- TC_008_Verify_Login_Without_Entering_Project -->
  <testcase classname="Tests.VisitorLoginTest" name="TC_002_VerifySubmitButtonWithoutEnteringFields" time="0.0">
    <ignored/>
  </testcase> <!-- TC_002_VerifySubmitButtonWithoutEnteringFields -->
  <testcase classname="Tests.VisitorLoginTest" name="TC_007_VerifyVisitorNameTextboxAcceptsSpecialCharacters" time="0.0">
    <ignored/>
  </testcase> <!-- TC_007_VerifyVisitorNameTextboxAcceptsSpecialCharacters -->
  <testcase classname="Tests.LoginTest" name="TC_004_Verify_Login_With_Invalid_Project" time="0.0">
    <ignored/>
  </testcase> <!-- TC_004_Verify_Login_With_Invalid_Project -->
  <testcase classname="Base.TestSetup" name="@AfterSuite tearDownApp" time="0.0">
    <ignored/>
  </testcase> <!-- @AfterSuite tearDownApp -->
  <testcase classname="Tests.VisitorLoginTest" name="TC_009_VerifyDesignationTextboxCharacterLimit" time="0.0">
    <ignored/>
  </testcase> <!-- TC_009_VerifyDesignationTextboxCharacterLimit -->
  <testcase classname="Tests.LoginTest" name="TC_015_Verify_ProjectTextboxAcceptsSpecialCharacters" time="0.0">
    <ignored/>
  </testcase> <!-- TC_015_Verify_ProjectTextboxAcceptsSpecialCharacters -->
  <testcase classname="Tests.VisitorLoginTest" name="TC_008_VerifyVisitorNameTextboxAcceptsNumbers" time="0.0">
    <ignored/>
  </testcase> <!-- TC_008_VerifyVisitorNameTextboxAcceptsNumbers -->
  <testcase classname="Tests.VisitorLoginTest" name="TC_012_VerifyRemarksTextboxCharacterLimit" time="0.0">
    <ignored/>
  </testcase> <!-- TC_012_VerifyRemarksTextboxCharacterLimit -->
  <testcase classname="Tests.CallPlanTest" name="TC_005_Verify_Upload_Button_Without_Completing_Form" time="0.0">
    <ignored/>
  </testcase> <!-- TC_005_Verify_Upload_Button_Without_Completing_Form -->
  <testcase classname="Tests.LoginTest" name="TC_006_Verify_Login_Without_Entering_Username" time="0.0">
    <ignored/>
  </testcase> <!-- TC_006_Verify_Login_Without_Entering_Username -->
  <testcase classname="Tests.AttendanceTest" name="TC_002_VerifyAttendanceWithoutCapturingImage" time="0.0">
    <ignored/>
  </testcase> <!-- TC_002_VerifyAttendanceWithoutCapturingImage -->
  <testcase classname="Tests.LoginTest" name="TC_012_Verify_UsernameTextboxAcceptsNumbers" time="0.0">
    <ignored/>
  </testcase> <!-- TC_012_Verify_UsernameTextboxAcceptsNumbers -->
  <testcase classname="Base.TestSetup" name="@BeforeSuite StartApp" time="0.0">
    <ignored/>
  </testcase> <!-- @BeforeSuite StartApp -->
  <testcase classname="Tests.VisitorLoginTest" name="TC_010_VerifyDesignationTextboxAcceptsSpecialCharacters" time="0.0">
    <ignored/>
  </testcase> <!-- TC_010_VerifyDesignationTextboxAcceptsSpecialCharacters -->
  <testcase classname="Tests.LoginTest" name="TC_014_Verify_ProjectTextboxCharacterLimit" time="0.0">
    <ignored/>
  </testcase> <!-- TC_014_Verify_ProjectTextboxCharacterLimit -->
  <testcase classname="Tests.VisitorLoginTest" name="TC_005_VerifyVisitorEmpIDTextboxAcceptsNumbers" time="0.0">
    <ignored/>
  </testcase> <!-- TC_005_VerifyVisitorEmpIDTextboxAcceptsNumbers -->
  <testcase classname="Tests.LoginTest" name="TC_011_Verify_UsernameTextboxAcceptsSpecialCharacters" time="0.0">
    <ignored/>
  </testcase> <!-- TC_011_Verify_UsernameTextboxAcceptsSpecialCharacters -->
  <testcase classname="Tests.LoginTest" name="TC_013_Verify_PasswordTextboxCharacterLimit" time="0.0">
    <ignored/>
  </testcase> <!-- TC_013_Verify_PasswordTextboxCharacterLimit -->
  <testcase classname="Tests.VisitorLoginTest" name="TC_003_VerifyVisitorEmpIDTextboxCharacterLimit" time="0.0">
    <ignored/>
  </testcase> <!-- TC_003_VerifyVisitorEmpIDTextboxCharacterLimit -->
  <testcase classname="Tests.LoginTest" name="TC_010_Verify_UsernameTextboxCharacterLimit" time="0.0">
    <ignored/>
  </testcase> <!-- TC_010_Verify_UsernameTextboxCharacterLimit -->
  <testcase classname="Tests.DownloadcallsTest" name="TC_005_VerifyRemoveButtonFunctionality" time="0.0">
    <ignored/>
  </testcase> <!-- TC_005_VerifyRemoveButtonFunctionality -->
  <testcase classname="Tests.LoginTest" name="TC_009_Verify_Login_Without_Entering_Mobile_Number" time="0.0">
    <ignored/>
  </testcase> <!-- TC_009_Verify_Login_Without_Entering_Mobile_Number -->
  <testcase classname="Tests.LoginTest" name="TC_017_Verify_MobileNumberTextboxCharacterLimit" time="0.0">
    <ignored/>
  </testcase> <!-- TC_017_Verify_MobileNumberTextboxCharacterLimit -->
  <testcase classname="Tests.LoginTest" name="TC_003_Verify_Login_With_Invalid_Password" time="0.0">
    <ignored/>
  </testcase> <!-- TC_003_Verify_Login_With_Invalid_Password -->
  <testcase classname="Tests.LoginTest" name="TC_002_Verify_Login_With_Invalid_Username" time="0.0">
    <ignored/>
  </testcase> <!-- TC_002_Verify_Login_With_Invalid_Username -->
  <testcase classname="Tests.LoginTest" name="TC_016_Verify_ProjectTextboxAcceptsNumbers" time="0.0">
    <ignored/>
  </testcase> <!-- TC_016_Verify_ProjectTextboxAcceptsNumbers -->
  <testcase classname="Tests.DownloadcallsTest" name="TC_007_VerifyTargetIDTextboxCharacterLimit" time="0.0">
    <ignored/>
  </testcase> <!-- TC_007_VerifyTargetIDTextboxCharacterLimit -->
  <testcase classname="Tests.VisitorLoginTest" name="TC_014_Verify_RemarksTextboxAcceptsNumbers" time="0.0">
    <ignored/>
  </testcase> <!-- TC_014_Verify_RemarksTextboxAcceptsNumbers -->
  <testcase classname="Tests.VisitorLoginTest" name="TC_011_VerifyDesignationTextboxAcceptsNumbers" time="0.0">
    <ignored/>
  </testcase> <!-- TC_011_VerifyDesignationTextboxAcceptsNumbers -->
  <testcase classname="Tests.LoginTest" name="TC_005_Verify_Login_With_Invalid_Mobile_Number" time="0.0">
    <ignored/>
  </testcase> <!-- TC_005_Verify_Login_With_Invalid_Mobile_Number -->
  <testcase classname="Tests.DownloadcallsTest" name="TC_006_VerifySubmitButtonWithoutAddingTarget" time="0.0">
    <ignored/>
  </testcase> <!-- TC_006_VerifySubmitButtonWithoutAddingTarget -->
  <testcase classname="Tests.VisitorLoginTest" name="TC_004_VerifyVisitorEmpIDTextboxAcceptsSpecialCharacters" time="0.0">
    <ignored/>
  </testcase> <!-- TC_004_VerifyVisitorEmpIDTextboxAcceptsSpecialCharacters -->
  <testcase classname="Tests.VisitorLoginTest" name="TC_013_VerifyRemarksTextboxAcceptsSpecialCharacters" time="0.0">
    <ignored/>
  </testcase> <!-- TC_013_VerifyRemarksTextboxAcceptsSpecialCharacters -->
  <testcase classname="Tests.LoginTest" name="TC_007_Verify_Login_Without_Entering_Password" time="0.0">
    <ignored/>
  </testcase> <!-- TC_007_Verify_Login_Without_Entering_Password -->
</testsuite> <!-- Smoke Tests -->
