<?xml version="1.0" encoding="UTF-8"?>
<!-- Generated by org.testng.reporters.JUnitXMLReporter -->
<testsuite ignored="9" hostname="DESKTOP-OET6KL6" failures="0" tests="2" name="Smoke Tests" time="31.247" errors="0" timestamp="2024-04-08T13:38:42 IST">
  <testcase classname="Tests.LoginTest" name="TC_001_Verify_Login_With_Valid_Credentials" time="16.134"/>
  <testcase classname="Tests.VisitorLoginTest" name="TC_001_Verify_VisitorLogin_Module_Displayed" time="14.311"/>
  <testcase classname="Tests.LoginTest" name="TC_004_Verify_Login_With_Invalid_Project" time="0.0">
    <ignored/>
  </testcase> <!-- TC_004_Verify_Login_With_Invalid_Project -->
  <testcase classname="Tests.LoginTest" name="TC_005_Verify_Login_With_Invalid_Mobile_Number" time="0.0">
    <ignored/>
  </testcase> <!-- TC_005_Verify_Login_With_Invalid_Mobile_Number -->
  <testcase classname="Tests.LoginTest" name="TC_003_Verify_Login_With_Invalid_Password" time="0.0">
    <ignored/>
  </testcase> <!-- TC_003_Verify_Login_With_Invalid_Password -->
  <testcase classname="Tests.VisitorLoginTest" name="TC_002_Verify_Submit_Button_Without_Enter_fields" time="0.0">
    <ignored/>
  </testcase> <!-- TC_002_Verify_Submit_Button_Without_Enter_fields -->
  <testcase classname="Tests.LoginTest" name="TC_009_Verify_Login_Without_Entering_Mobile_Number" time="0.0">
    <ignored/>
  </testcase> <!-- TC_009_Verify_Login_Without_Entering_Mobile_Number -->
  <testcase classname="Tests.LoginTest" name="TC_002_Verify_Login_With_Invalid_Username" time="0.0">
    <ignored/>
  </testcase> <!-- TC_002_Verify_Login_With_Invalid_Username -->
  <testcase classname="Tests.LoginTest" name="TC_007_Verify_Login_Without_Entering_Password" time="0.0">
    <ignored/>
  </testcase> <!-- TC_007_Verify_Login_Without_Entering_Password -->
  <testcase classname="Tests.LoginTest" name="TC_006_Verify_Login_Without_Entering_Username" time="0.0">
    <ignored/>
  </testcase> <!-- TC_006_Verify_Login_Without_Entering_Username -->
  <testcase classname="Tests.LoginTest" name="TC_008_Verify_Login_Without_Entering_Project" time="0.0">
    <ignored/>
  </testcase> <!-- TC_008_Verify_Login_Without_Entering_Project -->
</testsuite> <!-- Smoke Tests -->
