<?xml version="1.0" encoding="UTF-8"?>
<testng-results ignored="16" total="17" passed="1" failed="0" skipped="0">
  <reporter-output>
  </reporter-output>
  <suite started-at="2024-05-30T12:16:57 IST" name="Smoke Suite" finished-at="2024-05-30T12:17:18 IST" duration-ms="21115">
    <groups>
      <group name="regression">
        <method signature="LoginTest.TC_001_Verify_Login_With_Valid_Credentials()[pri:1, instance:Tests.LoginTest@6e1d8f9e]" name="TC_001_Verify_Login_With_Valid_Credentials" class="Tests.LoginTest"/>
      </group> <!-- regression -->
      <group name="smoke">
        <method signature="LoginTest.TC_001_Verify_Login_With_Valid_Credentials()[pri:1, instance:Tests.LoginTest@6e1d8f9e]" name="TC_001_Verify_Login_With_Valid_Credentials" class="Tests.LoginTest"/>
      </group> <!-- smoke -->
    </groups>
    <test started-at="2024-05-30T12:16:57 IST" name="Smoke Tests" finished-at="2024-05-30T12:17:18 IST" duration-ms="21115">
      <class name="Tests.LoginTest">
        <test-method is-config="true" signature="StartApp()[pri:0, instance:Tests.LoginTest@6e1d8f9e]" started-at="2024-05-30T12:16:42 IST" name="StartApp" finished-at="2024-05-30T12:16:57 IST" duration-ms="14432" status="PASS">
          <reporter-output>
          </reporter-output>
        </test-method> <!-- StartApp -->
        <test-method signature="TC_001_Verify_Login_With_Valid_Credentials()[pri:1, instance:Tests.LoginTest@6e1d8f9e]" started-at="2024-05-30T12:16:57 IST" name="TC_001_Verify_Login_With_Valid_Credentials" finished-at="2024-05-30T12:17:18 IST" duration-ms="21035" status="PASS">
          <reporter-output>
          </reporter-output>
        </test-method> <!-- TC_001_Verify_Login_With_Valid_Credentials -->
        <test-method is-config="true" signature="tearDownApp()[pri:0, instance:Tests.LoginTest@6e1d8f9e]" started-at="2024-05-30T12:17:18 IST" name="tearDownApp" finished-at="2024-05-30T12:17:21 IST" duration-ms="3199" status="PASS">
          <reporter-output>
          </reporter-output>
        </test-method> <!-- tearDownApp -->
      </class> <!-- Tests.LoginTest -->
    </test> <!-- Smoke Tests -->
  </suite> <!-- Smoke Suite -->
</testng-results>
