<?xml version="1.0" encoding="UTF-8"?>
<!-- Generated by org.testng.reporters.JUnitXMLReporter -->
<testsuite ignored="0" hostname="DESKTOP-OET6KL6" failures="0" tests="11" name="AttendanceTest" time="0.063" errors="0" timestamp="2023-12-22T10:46:07 IST">
  <testcase classname="Tests.AttendanceTest" name="TC_001_VerifyAttendance" time="0.003">
    <skipped/>
  </testcase> <!-- TC_001_VerifyAttendance -->
  <testcase classname="Tests.AttendanceTest" name="TC_002_VerifyImagerequired" time="0.001">
    <skipped/>
  </testcase> <!-- TC_002_VerifyImagerequired -->
  <testcase classname="Tests.AttendanceTest" name="TC_002_VerifyImagerequired" time="0.002">
    <skipped/>
  </testcase> <!-- TC_002_VerifyImagerequired -->
  <testcase classname="Tests.AttendanceTest" name="TC_002_VerifyImagerequired" time="0.001">
    <skipped/>
  </testcase> <!-- TC_002_VerifyImagerequired -->
  <testcase classname="Tests.AttendanceTest" name="TC_002_VerifyImagerequired" time="0.002">
    <skipped/>
  </testcase> <!-- TC_002_VerifyImagerequired -->
  <testcase classname="Tests.AttendanceTest" name="TC_002_VerifyImagerequired" time="0.001">
    <skipped/>
  </testcase> <!-- TC_002_VerifyImagerequired -->
  <testcase classname="Tests.AttendanceTest" name="TC_002_VerifyImagerequired" time="0.002">
    <skipped/>
  </testcase> <!-- TC_002_VerifyImagerequired -->
  <testcase classname="Tests.AttendanceTest" name="TC_002_VerifyImagerequired" time="0.003">
    <skipped/>
  </testcase> <!-- TC_002_VerifyImagerequired -->
  <testcase classname="Tests.AttendanceTest" name="TC_002_VerifyImagerequired" time="0.003">
    <skipped/>
  </testcase> <!-- TC_002_VerifyImagerequired -->
  <testcase classname="Tests.AttendanceTest" name="TC_002_VerifyImagerequired" time="0.009">
    <skipped/>
  </testcase> <!-- TC_002_VerifyImagerequired -->
  <testcase classname="Tests.AttendanceTest" name="TC_002_VerifyImagerequired" time="0.003">
    <skipped/>
  </testcase> <!-- TC_002_VerifyImagerequired -->
</testsuite> <!-- AttendanceTest -->
