<?xml version="1.0" encoding="UTF-8"?>
<!-- Generated by org.testng.reporters.JUnitXMLReporter -->
<testsuite ignored="1" hostname="DESKTOP-OET6KL6" failures="0" tests="10" name="LoginTest" time="14.189" errors="0" timestamp="2023-12-22T10:46:06 IST">
  <testcase classname="Tests.LoginTest" name="TC_001_VerifyLogin" time="0.009">
    <skipped/>
  </testcase> <!-- TC_001_VerifyLogin -->
  <testcase classname="Tests.LoginTest" name="TC_001_VerifyLogin" time="0.002">
    <skipped/>
  </testcase> <!-- TC_001_VerifyLogin -->
  <testcase classname="Tests.LoginTest" name="TC_001_VerifyLogin" time="0.001">
    <skipped/>
  </testcase> <!-- TC_001_VerifyLogin -->
  <testcase classname="Tests.LoginTest" name="TC_001_VerifyLogin" time="0.002">
    <skipped/>
  </testcase> <!-- TC_001_VerifyLogin -->
  <testcase classname="Tests.LoginTest" name="TC_001_VerifyLogin" time="0.002">
    <skipped/>
  </testcase> <!-- TC_001_VerifyLogin -->
  <testcase classname="Tests.LoginTest" name="TC_001_VerifyLogin" time="0.002">
    <skipped/>
  </testcase> <!-- TC_001_VerifyLogin -->
  <testcase classname="Tests.LoginTest" name="TC_001_VerifyLogin" time="0.001">
    <skipped/>
  </testcase> <!-- TC_001_VerifyLogin -->
  <testcase classname="Tests.LoginTest" name="TC_001_VerifyLogin" time="0.002">
    <skipped/>
  </testcase> <!-- TC_001_VerifyLogin -->
  <testcase classname="Tests.LoginTest" name="TC_001_VerifyLogin" time="0.002">
    <skipped/>
  </testcase> <!-- TC_001_VerifyLogin -->
  <testcase classname="Tests.LoginTest" name="TC_001_VerifyLogin" time="14.088"/>
  <testcase classname="Tests.LoginTest" name="TC_002_Verify_AppVersion" time="0.0">
    <ignored/>
  </testcase> <!-- TC_002_Verify_AppVersion -->
</testsuite> <!-- LoginTest -->
