<?xml version="1.0" encoding="UTF-8"?>
<!-- Generated by org.testng.reporters.JUnitXMLReporter -->
<testsuite ignored="0" hostname="DESKTOP-OET6KL6" failures="0" tests="9" name="ResourceCentre Test" time="52.717" errors="0" timestamp="2023-12-22T10:47:00 IST">
  <testcase classname="Tests.ResourceCentreTest" name="TC001_VerifyResourcecentrefiles" time="6.941"/>
  <testcase classname="Tests.ResourceCentreTest" name="TC001_VerifyResourcecentrefiles" time="4.809"/>
  <testcase classname="Tests.ResourceCentreTest" name="TC001_VerifyResourcecentrefiles" time="6.102"/>
  <testcase classname="Tests.ResourceCentreTest" name="TC001_VerifyResourcecentrefiles" time="5.574"/>
  <testcase classname="Tests.ResourceCentreTest" name="TC001_VerifyResourcecentrefiles" time="5.616"/>
  <testcase classname="Tests.ResourceCentreTest" name="TC001_VerifyResourcecentrefiles" time="5.265"/>
  <testcase classname="Tests.ResourceCentreTest" name="TC001_VerifyResourcecentrefiles" time="6.845"/>
  <testcase classname="Tests.ResourceCentreTest" name="TC001_VerifyResourcecentrefiles" time="4.825"/>
  <testcase classname="Tests.ResourceCentreTest" name="TC001_VerifyResourcecentrefiles" time="6.722"/>
</testsuite> <!-- ResourceCentre Test -->
