<?xml version="1.0" encoding="UTF-8"?>
<!-- Generated by org.testng.reporters.JUnitXMLReporter -->
<testsuite ignored="1" hostname="DESKTOP-OET6KL6" failures="0" tests="1" name="VersionTest" time="0.006" errors="0" timestamp="2023-12-22T10:46:07 IST">
  <testcase classname="Tests.LoginTest" name="TC_002_Verify_AppVersion" time="0.002">
    <skipped/>
  </testcase> <!-- TC_002_Verify_AppVersion -->
  <testcase classname="Tests.LoginTest" name="TC_001_VerifyLogin" time="0.0">
    <ignored/>
  </testcase> <!-- TC_001_VerifyLogin -->
</testsuite> <!-- VersionTest -->
